[ 2021-06-11T10:29:19+08:00 ] 192.168.33.1 /Admin/Car/lists
INFO: [ app_init ] --START--
INFO: Run Behavior\BuildLiteBehavior [ RunTime:0.000018s ]
INFO: [ app_init ] --END-- [ RunTime:0.001204s ]
NOTIC: [8] Constant NOW_TIME already defined /home/wwwroot/default/newproject/cc/ThinkPHP/Library/Think/App.class.php 第 30 行.
NOTIC: [8] Undefined variable: result /home/wwwroot/default/newproject/cc/ThinkPHP/Library/Think/Hook.class.php 第 103 行.
NOTIC: [8] Undefined variable: result /home/wwwroot/default/newproject/cc/ThinkPHP/Library/Think/Hook.class.php 第 103 行.
NOTIC: [8] Undefined variable: result /home/wwwroot/default/newproject/cc/ThinkPHP/Library/Think/Hook.class.php 第 103 行.
INFO: [ app_begin ] --START--
INFO: Run Behavior\ReadHtmlCacheBehavior [ RunTime:0.001005s ]
INFO: [ app_begin ] --END-- [ RunTime:0.001029s ]
NOTIC: [8] Undefined variable: result /home/wwwroot/default/newproject/cc/ThinkPHP/Library/Think/Hook.class.php 第 103 行.
INFO: [ rbac ] --START--
SQL: SHOW COLUMNS FROM `dc_system_setting` [ RunTime:0.0022s ]
SQL: SELECT * FROM `dc_system_setting`  [ RunTime:0.0016s ]
SQL: SHOW COLUMNS FROM `dc_user` [ RunTime:0.0006s ]
SQL: SHOW COLUMNS FROM `dc_user` [ RunTime:0.0004s ]
SQL: SELECT * FROM `dc_user` WHERE `id` = 3 LIMIT 1   [ RunTime:0.0014s ]
SQL: SHOW COLUMNS FROM `dc_rbac_role_user` [ RunTime:0.0005s ]
SQL: SELECT * FROM `dc_rbac_role_user` WHERE `user_id` = '3'  [ RunTime:0.0004s ]
SQL: SHOW COLUMNS FROM `dc_rbac_role` [ RunTime:0.0014s ]
SQL: SELECT * FROM `dc_rbac_role` WHERE `id` = 1 LIMIT 1   [ RunTime:0.0003s ]
SQL: SHOW COLUMNS FROM `dc_rbac_mp_access` [ RunTime:0.0004s ]
SQL: SELECT * FROM `dc_rbac_mp_access` WHERE `role_id` = 1 LIMIT 1   [ RunTime:0.0002s ]
NOTIC: [2] Invalid argument supplied for foreach() /home/wwwroot/default/newproject/cc/App/User/Model/UserModel.class.php 第 160 行.
INFO: Run Common\Behavior\RbacBehavior [ RunTime:0.038184s ]
INFO: [ rbac ] --END-- [ RunTime:0.038204s ]
SQL: SELECT * FROM `dc_user` WHERE `id` = 3 LIMIT 1   [ RunTime:0.0002s ]
SQL: SELECT * FROM `dc_user` WHERE `id` = 3 LIMIT 1   [ RunTime:0.0001s ]
SQL: SELECT * FROM `dc_rbac_role_user` WHERE `user_id` = '3'  [ RunTime:0.0001s ]
SQL: SELECT * FROM `dc_rbac_role` WHERE `id` = 1 LIMIT 1   [ RunTime:0.0001s ]
SQL: SELECT * FROM `dc_rbac_mp_access` WHERE `role_id` = 1 LIMIT 1   [ RunTime:0.0001s ]
NOTIC: [2] Invalid argument supplied for foreach() /home/wwwroot/default/newproject/cc/App/User/Model/UserModel.class.php 第 160 行.
SQL: SELECT * FROM `dc_user` WHERE `id` = 3 LIMIT 1   [ RunTime:0.0004s ]
SQL: SHOW COLUMNS FROM `dc_car` [ RunTime:0.0009s ]
SQL: SELECT * FROM `dc_car`  [ RunTime:0.0005s ]
NOTIC: [8] Undefined index: HTTP_REFERER /home/wwwroot/default/newproject/cc/App/Common/Controller/CommonController.class.php 第 42 行.
NOTIC: [8] Undefined index: name /home/wwwroot/default/newproject/cc/App/Common/Controller/CommonController.class.php 第 70 行.
NOTIC: [8] Undefined index: attr /home/wwwroot/default/newproject/cc/App/Common/Controller/CommonController.class.php 第 153 行.
NOTIC: [8] Undefined index: attr /home/wwwroot/default/newproject/cc/App/Common/Controller/CommonController.class.php 第 153 行.
NOTIC: [8] Undefined index: attr /home/wwwroot/default/newproject/cc/App/Common/Controller/CommonController.class.php 第 153 行.
NOTIC: [8] Undefined index: attr /home/wwwroot/default/newproject/cc/App/Common/Controller/CommonController.class.php 第 153 行.
NOTIC: [8] Undefined index: list_map /home/wwwroot/default/newproject/cc/App/Common/Controller/CommonController.class.php 第 177 行.
NOTIC: [8] Undefined offset: 1 /home/wwwroot/default/newproject/cc/App/Common/Common/function.php 第 857 行.
NOTIC: [8] Undefined index: meta_title /home/wwwroot/default/newproject/cc/App/Common/Controller/CommonController.class.php 第 862 行.
NOTIC: [8] Undefined index: sidenav /home/wwwroot/default/newproject/cc/App/Common/Controller/CommonController.class.php 第 865 行.
NOTIC: [8] Undefined index: subnav /home/wwwroot/default/newproject/cc/App/Common/Controller/CommonController.class.php 第 866 行.
NOTIC: [8] Undefined index: tip /home/wwwroot/default/newproject/cc/App/Common/Controller/CommonController.class.php 第 868 行.
NOTIC: [8] Undefined index: list_search /home/wwwroot/default/newproject/cc/App/Common/Controller/CommonController.class.php 第 869 行.
NOTIC: [8] Undefined index: submit_type /home/wwwroot/default/newproject/cc/App/Common/Controller/CommonController.class.php 第 870 行.
NOTIC: [8] Undefined variable: result /home/wwwroot/default/newproject/cc/ThinkPHP/Library/Think/Hook.class.php 第 103 行.
INFO: [ view_parse ] --START--
INFO: [ template_filter ] --START--
INFO: Run Behavior\ContentReplaceBehavior [ RunTime:0.000128s ]
INFO: [ template_filter ] --END-- [ RunTime:0.000177s ]
NOTIC: [8] Undefined variable: meta_title /home/wwwroot/default/newproject/cc/Runtime/Cache/Admin/7458a170556c8c4f56f101fcee026dd6.php 第 11 行.
NOTIC: [8] Undefined variable: settings /home/wwwroot/default/newproject/cc/Runtime/Cache/Admin/7458a170556c8c4f56f101fcee026dd6.php 第 12 行.
NOTIC: [8] Undefined variable: settings /home/wwwroot/default/newproject/cc/Runtime/Cache/Admin/7458a170556c8c4f56f101fcee026dd6.php 第 13 行.
NOTIC: [8] Undefined variable: mp_info /home/wwwroot/default/newproject/cc/Runtime/Cache/Admin/7458a170556c8c4f56f101fcee026dd6.php 第 112 行.
NOTIC: [8] Undefined variable: mp_info /home/wwwroot/default/newproject/cc/Runtime/Cache/Admin/7458a170556c8c4f56f101fcee026dd6.php 第 129 行.
NOTIC: [8] Undefined variable: mp_info /home/wwwroot/default/newproject/cc/Runtime/Cache/Admin/7458a170556c8c4f56f101fcee026dd6.php 第 140 行.
NOTIC: [8] Undefined index: attr /home/wwwroot/default/newproject/cc/Runtime/Cache/Admin/7458a170556c8c4f56f101fcee026dd6.php 第 230 行.
NOTIC: [8] Undefined index: children /home/wwwroot/default/newproject/cc/Runtime/Cache/Admin/7458a170556c8c4f56f101fcee026dd6.php 第 235 行.
NOTIC: [8] Undefined index: attr /home/wwwroot/default/newproject/cc/Runtime/Cache/Admin/7458a170556c8c4f56f101fcee026dd6.php 第 230 行.
NOTIC: [8] Undefined index: children /home/wwwroot/default/newproject/cc/Runtime/Cache/Admin/7458a170556c8c4f56f101fcee026dd6.php 第 235 行.
NOTIC: [8] Undefined index: attr /home/wwwroot/default/newproject/cc/Runtime/Cache/Admin/7458a170556c8c4f56f101fcee026dd6.php 第 230 行.
NOTIC: [8] Undefined index: children /home/wwwroot/default/newproject/cc/Runtime/Cache/Admin/7458a170556c8c4f56f101fcee026dd6.php 第 235 行.
NOTIC: [8] Undefined index: attr /home/wwwroot/default/newproject/cc/Runtime/Cache/Admin/7458a170556c8c4f56f101fcee026dd6.php 第 230 行.
NOTIC: [8] Undefined index: children /home/wwwroot/default/newproject/cc/Runtime/Cache/Admin/7458a170556c8c4f56f101fcee026dd6.php 第 235 行.
NOTIC: [8] Undefined index: attr /home/wwwroot/default/newproject/cc/Runtime/Cache/Admin/7458a170556c8c4f56f101fcee026dd6.php 第 230 行.
NOTIC: [8] Undefined index: children /home/wwwroot/default/newproject/cc/Runtime/Cache/Admin/7458a170556c8c4f56f101fcee026dd6.php 第 235 行.
NOTIC: [8] Undefined offset: 1 /home/wwwroot/default/newproject/cc/App/Common/Common/function.php 第 857 行.
NOTIC: [8] Undefined variable: tip /home/wwwroot/default/newproject/cc/Runtime/Cache/Admin/7458a170556c8c4f56f101fcee026dd6.php 第 287 行.
NOTIC: [8] Undefined variable: subnav /home/wwwroot/default/newproject/cc/Runtime/Cache/Admin/7458a170556c8c4f56f101fcee026dd6.php 第 308 行.
NOTIC: [8] Undefined variable: add_button /home/wwwroot/default/newproject/cc/Runtime/Cache/Admin/7458a170556c8c4f56f101fcee026dd6.php 第 313 行.
NOTIC: [8] Undefined variable: del_button /home/wwwroot/default/newproject/cc/Runtime/Cache/Admin/7458a170556c8c4f56f101fcee026dd6.php 第 314 行.
NOTIC: [8] Undefined offset: 1 /home/wwwroot/default/newproject/cc/App/Common/Common/function.php 第 857 行.
NOTIC: [8] Undefined index: name /home/wwwroot/default/newproject/cc/Runtime/Cache/Admin/7458a170556c8c4f56f101fcee026dd6.php 第 319 行.
INFO: Run Behavior\ParseTemplateBehavior [ RunTime:0.059128s ]
INFO: [ view_parse ] --END-- [ RunTime:0.059225s ]
INFO: [ view_filter ] --START--
INFO: Run Behavior\WriteHtmlCacheBehavior [ RunTime:0.001002s ]
INFO: Run Behavior\TokenBuildBehavior [ RunTime:0.002852s ]
INFO: [ view_filter ] --END-- [ RunTime:0.003988s ]
NOTIC: [8] Undefined variable: result /home/wwwroot/default/newproject/cc/ThinkPHP/Library/Think/Hook.class.php 第 103 行.
NOTIC: [8] Undefined variable: result /home/wwwroot/default/newproject/cc/ThinkPHP/Library/Think/Hook.class.php 第 103 行.
INFO: [ app_end ] --START--
INFO: Run Behavior\ShowPageTraceBehavior [ RunTime:0.001158s ]
INFO: [ app_end ] --END-- [ RunTime:0.001183s ]

[ 2021-06-11T10:29:30+08:00 ] 192.168.33.1 /Admin/Index/index
INFO: [ app_init ] --START--
INFO: Run Behavior\BuildLiteBehavior [ RunTime:0.000018s ]
INFO: [ app_init ] --END-- [ RunTime:0.001492s ]
NOTIC: [8] Constant NOW_TIME already defined /home/wwwroot/default/newproject/cc/ThinkPHP/Library/Think/App.class.php 第 30 行.
NOTIC: [8] Undefined variable: result /home/wwwroot/default/newproject/cc/ThinkPHP/Library/Think/Hook.class.php 第 103 行.
NOTIC: [8] Undefined variable: result /home/wwwroot/default/newproject/cc/ThinkPHP/Library/Think/Hook.class.php 第 103 行.
NOTIC: [8] Undefined variable: result /home/wwwroot/default/newproject/cc/ThinkPHP/Library/Think/Hook.class.php 第 103 行.
INFO: [ app_begin ] --START--
INFO: Run Behavior\ReadHtmlCacheBehavior [ RunTime:0.001384s ]
INFO: [ app_begin ] --END-- [ RunTime:0.001437s ]
NOTIC: [8] Undefined variable: result /home/wwwroot/default/newproject/cc/ThinkPHP/Library/Think/Hook.class.php 第 103 行.
INFO: [ rbac ] --START--
SQL: SHOW COLUMNS FROM `dc_system_setting` [ RunTime:0.0051s ]
SQL: SELECT * FROM `dc_system_setting`  [ RunTime:0.0004s ]
SQL: SHOW COLUMNS FROM `dc_user` [ RunTime:0.0025s ]
SQL: SHOW COLUMNS FROM `dc_user` [ RunTime:0.0018s ]
SQL: SELECT * FROM `dc_user` WHERE `id` = 3 LIMIT 1   [ RunTime:0.0005s ]
SQL: SHOW COLUMNS FROM `dc_rbac_role_user` [ RunTime:0.0006s ]
SQL: SELECT * FROM `dc_rbac_role_user` WHERE `user_id` = '3'  [ RunTime:0.0020s ]
SQL: SHOW COLUMNS FROM `dc_rbac_role` [ RunTime:0.0006s ]
SQL: SELECT * FROM `dc_rbac_role` WHERE `id` = 1 LIMIT 1   [ RunTime:0.0003s ]
SQL: SHOW COLUMNS FROM `dc_rbac_mp_access` [ RunTime:0.0018s ]
SQL: SELECT * FROM `dc_rbac_mp_access` WHERE `role_id` = 1 LIMIT 1   [ RunTime:0.0003s ]
NOTIC: [2] Invalid argument supplied for foreach() /home/wwwroot/default/newproject/cc/App/User/Model/UserModel.class.php 第 160 行.
INFO: Run Common\Behavior\RbacBehavior [ RunTime:0.035121s ]
INFO: [ rbac ] --END-- [ RunTime:0.035155s ]
SQL: SELECT * FROM `dc_user` WHERE `id` = 3 LIMIT 1   [ RunTime:0.0002s ]
SQL: SELECT * FROM `dc_user` WHERE `id` = 3 LIMIT 1   [ RunTime:0.0002s ]
SQL: SELECT * FROM `dc_rbac_role_user` WHERE `user_id` = '3'  [ RunTime:0.0003s ]
SQL: SELECT * FROM `dc_rbac_role` WHERE `id` = 1 LIMIT 1   [ RunTime:0.0003s ]
SQL: SELECT * FROM `dc_rbac_mp_access` WHERE `role_id` = 1 LIMIT 1   [ RunTime:0.0002s ]
NOTIC: [2] Invalid argument supplied for foreach() /home/wwwroot/default/newproject/cc/App/User/Model/UserModel.class.php 第 160 行.
SQL: SELECT * FROM `dc_user` WHERE `id` = 3 LIMIT 1   [ RunTime:0.0003s ]
NOTIC: [8] Undefined index: meta_title /home/wwwroot/default/newproject/cc/App/Common/Controller/CommonController.class.php 第 862 行.
NOTIC: [8] Undefined index: crumb /home/wwwroot/default/newproject/cc/App/Common/Controller/CommonController.class.php 第 863 行.
NOTIC: [8] Undefined index: nav /home/wwwroot/default/newproject/cc/App/Common/Controller/CommonController.class.php 第 864 行.
NOTIC: [8] Undefined index: sidenav /home/wwwroot/default/newproject/cc/App/Common/Controller/CommonController.class.php 第 865 行.
NOTIC: [8] Undefined index: subnav /home/wwwroot/default/newproject/cc/App/Common/Controller/CommonController.class.php 第 866 行.
NOTIC: [8] Undefined index: btn /home/wwwroot/default/newproject/cc/App/Common/Controller/CommonController.class.php 第 867 行.
NOTIC: [8] Undefined index: tip /home/wwwroot/default/newproject/cc/App/Common/Controller/CommonController.class.php 第 868 行.
NOTIC: [8] Undefined index: list_search /home/wwwroot/default/newproject/cc/App/Common/Controller/CommonController.class.php 第 869 行.
NOTIC: [8] Undefined index: submit_type /home/wwwroot/default/newproject/cc/App/Common/Controller/CommonController.class.php 第 870 行.
NOTIC: [8] Undefined variable: result /home/wwwroot/default/newproject/cc/ThinkPHP/Library/Think/Hook.class.php 第 103 行.
INFO: [ view_parse ] --START--
INFO: [ template_filter ] --START--
INFO: Run Behavior\ContentReplaceBehavior [ RunTime:0.000150s ]
INFO: [ template_filter ] --END-- [ RunTime:0.000836s ]
NOTIC: [8] Undefined variable: settings /home/wwwroot/default/newproject/cc/Runtime/Cache/Admin/220f72f7e6ae0a9673378392936f2785.php 第 12 行.
NOTIC: [8] Undefined variable: settings /home/wwwroot/default/newproject/cc/Runtime/Cache/Admin/220f72f7e6ae0a9673378392936f2785.php 第 13 行.
NOTIC: [8] Undefined variable: mp_info /home/wwwroot/default/newproject/cc/Runtime/Cache/Admin/220f72f7e6ae0a9673378392936f2785.php 第 118 行.
NOTIC: [8] Undefined variable: mp_info /home/wwwroot/default/newproject/cc/Runtime/Cache/Admin/220f72f7e6ae0a9673378392936f2785.php 第 135 行.
NOTIC: [8] Undefined variable: mp_info /home/wwwroot/default/newproject/cc/Runtime/Cache/Admin/220f72f7e6ae0a9673378392936f2785.php 第 146 行.
NOTIC: [8] Undefined index: attr /home/wwwroot/default/newproject/cc/Runtime/Cache/Admin/220f72f7e6ae0a9673378392936f2785.php 第 236 行.
NOTIC: [8] Undefined index: children /home/wwwroot/default/newproject/cc/Runtime/Cache/Admin/220f72f7e6ae0a9673378392936f2785.php 第 241 行.
NOTIC: [8] Undefined index: attr /home/wwwroot/default/newproject/cc/Runtime/Cache/Admin/220f72f7e6ae0a9673378392936f2785.php 第 236 行.
NOTIC: [8] Undefined index: children /home/wwwroot/default/newproject/cc/Runtime/Cache/Admin/220f72f7e6ae0a9673378392936f2785.php 第 241 行.
NOTIC: [8] Undefined index: attr /home/wwwroot/default/newproject/cc/Runtime/Cache/Admin/220f72f7e6ae0a9673378392936f2785.php 第 236 行.
NOTIC: [8] Undefined index: children /home/wwwroot/default/newproject/cc/Runtime/Cache/Admin/220f72f7e6ae0a9673378392936f2785.php 第 241 行.
NOTIC: [8] Undefined index: attr /home/wwwroot/default/newproject/cc/Runtime/Cache/Admin/220f72f7e6ae0a9673378392936f2785.php 第 236 行.
NOTIC: [8] Undefined index: children /home/wwwroot/default/newproject/cc/Runtime/Cache/Admin/220f72f7e6ae0a9673378392936f2785.php 第 241 行.
NOTIC: [8] Undefined index: attr /home/wwwroot/default/newproject/cc/Runtime/Cache/Admin/220f72f7e6ae0a9673378392936f2785.php 第 236 行.
NOTIC: [8] Undefined index: children /home/wwwroot/default/newproject/cc/Runtime/Cache/Admin/220f72f7e6ae0a9673378392936f2785.php 第 241 行.
NOTIC: [8] Undefined offset: 1 /home/wwwroot/default/newproject/cc/App/Common/Common/function.php 第 857 行.
SQL: select version() as v; [ RunTime:0.0294s ]
INFO: Run Behavior\ParseTemplateBehavior [ RunTime:0.050899s ]
INFO: [ view_parse ] --END-- [ RunTime:0.050923s ]
INFO: [ view_filter ] --START--
INFO: Run Behavior\WriteHtmlCacheBehavior [ RunTime:0.001969s ]
INFO: Run Behavior\TokenBuildBehavior [ RunTime:0.002110s ]
INFO: [ view_filter ] --END-- [ RunTime:0.004135s ]
NOTIC: [8] Undefined variable: result /home/wwwroot/default/newproject/cc/ThinkPHP/Library/Think/Hook.class.php 第 103 行.
NOTIC: [8] Undefined variable: result /home/wwwroot/default/newproject/cc/ThinkPHP/Library/Think/Hook.class.php 第 103 行.
INFO: [ app_end ] --START--
INFO: Run Behavior\ShowPageTraceBehavior [ RunTime:0.001703s ]
INFO: [ app_end ] --END-- [ RunTime:0.001730s ]

[ 2021-06-11T10:30:14+08:00 ] 192.168.33.1 /Admin/Index/index
INFO: [ app_init ] --START--
INFO: Run Behavior\BuildLiteBehavior [ RunTime:0.000009s ]
INFO: [ app_init ] --END-- [ RunTime:0.000545s ]
NOTIC: [8] Constant NOW_TIME already defined /home/wwwroot/default/newproject/cc/ThinkPHP/Library/Think/App.class.php 第 30 行.
NOTIC: [8] Undefined variable: result /home/wwwroot/default/newproject/cc/ThinkPHP/Library/Think/Hook.class.php 第 103 行.
NOTIC: [8] Undefined variable: result /home/wwwroot/default/newproject/cc/ThinkPHP/Library/Think/Hook.class.php 第 103 行.
NOTIC: [8] Undefined variable: result /home/wwwroot/default/newproject/cc/ThinkPHP/Library/Think/Hook.class.php 第 103 行.
INFO: [ app_begin ] --START--
INFO: Run Behavior\ReadHtmlCacheBehavior [ RunTime:0.000757s ]
INFO: [ app_begin ] --END-- [ RunTime:0.000783s ]
NOTIC: [8] Undefined variable: result /home/wwwroot/default/newproject/cc/ThinkPHP/Library/Think/Hook.class.php 第 103 行.
INFO: [ rbac ] --START--
SQL: SHOW COLUMNS FROM `dc_system_setting` [ RunTime:0.0011s ]
SQL: SELECT * FROM `dc_system_setting`  [ RunTime:0.0004s ]
SQL: SHOW COLUMNS FROM `dc_user` [ RunTime:0.0011s ]
SQL: SHOW COLUMNS FROM `dc_user` [ RunTime:0.0005s ]
SQL: SELECT * FROM `dc_user` WHERE `id` = 3 LIMIT 1   [ RunTime:0.0023s ]
SQL: SHOW COLUMNS FROM `dc_rbac_role_user` [ RunTime:0.0012s ]
SQL: SELECT * FROM `dc_rbac_role_user` WHERE `user_id` = '3'  [ RunTime:0.0015s ]
SQL: SHOW COLUMNS FROM `dc_rbac_role` [ RunTime:0.0021s ]
SQL: SELECT * FROM `dc_rbac_role` WHERE `id` = 1 LIMIT 1   [ RunTime:0.0003s ]
SQL: SHOW COLUMNS FROM `dc_rbac_mp_access` [ RunTime:0.0004s ]
SQL: SELECT * FROM `dc_rbac_mp_access` WHERE `role_id` = 1 LIMIT 1   [ RunTime:0.0002s ]
NOTIC: [2] Invalid argument supplied for foreach() /home/wwwroot/default/newproject/cc/App/User/Model/UserModel.class.php 第 160 行.
INFO: Run Common\Behavior\RbacBehavior [ RunTime:0.033485s ]
INFO: [ rbac ] --END-- [ RunTime:0.033507s ]
SQL: SELECT * FROM `dc_user` WHERE `id` = 3 LIMIT 1   [ RunTime:0.0002s ]
SQL: SELECT * FROM `dc_user` WHERE `id` = 3 LIMIT 1   [ RunTime:0.0001s ]
SQL: SELECT * FROM `dc_rbac_role_user` WHERE `user_id` = '3'  [ RunTime:0.0000s ]
SQL: SELECT * FROM `dc_rbac_role` WHERE `id` = 1 LIMIT 1   [ RunTime:0.0000s ]
SQL: SELECT * FROM `dc_rbac_mp_access` WHERE `role_id` = 1 LIMIT 1   [ RunTime:0.0001s ]
NOTIC: [2] Invalid argument supplied for foreach() /home/wwwroot/default/newproject/cc/App/User/Model/UserModel.class.php 第 160 行.
SQL: SELECT * FROM `dc_user` WHERE `id` = 3 LIMIT 1   [ RunTime:0.0004s ]
NOTIC: [8] Undefined index: meta_title /home/wwwroot/default/newproject/cc/App/Common/Controller/CommonController.class.php 第 862 行.
NOTIC: [8] Undefined index: crumb /home/wwwroot/default/newproject/cc/App/Common/Controller/CommonController.class.php 第 863 行.
NOTIC: [8] Undefined index: nav /home/wwwroot/default/newproject/cc/App/Common/Controller/CommonController.class.php 第 864 行.
NOTIC: [8] Undefined index: sidenav /home/wwwroot/default/newproject/cc/App/Common/Controller/CommonController.class.php 第 865 行.
NOTIC: [8] Undefined index: subnav /home/wwwroot/default/newproject/cc/App/Common/Controller/CommonController.class.php 第 866 行.
NOTIC: [8] Undefined index: btn /home/wwwroot/default/newproject/cc/App/Common/Controller/CommonController.class.php 第 867 行.
NOTIC: [8] Undefined index: tip /home/wwwroot/default/newproject/cc/App/Common/Controller/CommonController.class.php 第 868 行.
NOTIC: [8] Undefined index: list_search /home/wwwroot/default/newproject/cc/App/Common/Controller/CommonController.class.php 第 869 行.
NOTIC: [8] Undefined index: submit_type /home/wwwroot/default/newproject/cc/App/Common/Controller/CommonController.class.php 第 870 行.
NOTIC: [8] Undefined variable: result /home/wwwroot/default/newproject/cc/ThinkPHP/Library/Think/Hook.class.php 第 103 行.
INFO: [ view_parse ] --START--
INFO: [ template_filter ] --START--
INFO: Run Behavior\ContentReplaceBehavior [ RunTime:0.000069s ]
INFO: [ template_filter ] --END-- [ RunTime:0.000094s ]
NOTIC: [8] Undefined variable: settings /home/wwwroot/default/newproject/cc/Runtime/Cache/Admin/220f72f7e6ae0a9673378392936f2785.php 第 12 行.
NOTIC: [8] Undefined variable: settings /home/wwwroot/default/newproject/cc/Runtime/Cache/Admin/220f72f7e6ae0a9673378392936f2785.php 第 13 行.
NOTIC: [8] Undefined variable: mp_info /home/wwwroot/default/newproject/cc/Runtime/Cache/Admin/220f72f7e6ae0a9673378392936f2785.php 第 118 行.
NOTIC: [8] Undefined variable: mp_info /home/wwwroot/default/newproject/cc/Runtime/Cache/Admin/220f72f7e6ae0a9673378392936f2785.php 第 135 行.
NOTIC: [8] Undefined variable: mp_info /home/wwwroot/default/newproject/cc/Runtime/Cache/Admin/220f72f7e6ae0a9673378392936f2785.php 第 146 行.
NOTIC: [8] Undefined index: attr /home/wwwroot/default/newproject/cc/Runtime/Cache/Admin/220f72f7e6ae0a9673378392936f2785.php 第 236 行.
NOTIC: [8] Undefined index: children /home/wwwroot/default/newproject/cc/Runtime/Cache/Admin/220f72f7e6ae0a9673378392936f2785.php 第 241 行.
NOTIC: [8] Undefined index: attr /home/wwwroot/default/newproject/cc/Runtime/Cache/Admin/220f72f7e6ae0a9673378392936f2785.php 第 236 行.
NOTIC: [8] Undefined index: children /home/wwwroot/default/newproject/cc/Runtime/Cache/Admin/220f72f7e6ae0a9673378392936f2785.php 第 241 行.
NOTIC: [8] Undefined index: attr /home/wwwroot/default/newproject/cc/Runtime/Cache/Admin/220f72f7e6ae0a9673378392936f2785.php 第 236 行.
NOTIC: [8] Undefined index: children /home/wwwroot/default/newproject/cc/Runtime/Cache/Admin/220f72f7e6ae0a9673378392936f2785.php 第 241 行.
NOTIC: [8] Undefined index: attr /home/wwwroot/default/newproject/cc/Runtime/Cache/Admin/220f72f7e6ae0a9673378392936f2785.php 第 236 行.
NOTIC: [8] Undefined index: children /home/wwwroot/default/newproject/cc/Runtime/Cache/Admin/220f72f7e6ae0a9673378392936f2785.php 第 241 行.
NOTIC: [8] Undefined index: attr /home/wwwroot/default/newproject/cc/Runtime/Cache/Admin/220f72f7e6ae0a9673378392936f2785.php 第 236 行.
NOTIC: [8] Undefined index: children /home/wwwroot/default/newproject/cc/Runtime/Cache/Admin/220f72f7e6ae0a9673378392936f2785.php 第 241 行.
NOTIC: [8] Undefined offset: 1 /home/wwwroot/default/newproject/cc/App/Common/Common/function.php 第 857 行.
SQL: select version() as v; [ RunTime:0.0002s ]
INFO: Run Behavior\ParseTemplateBehavior [ RunTime:0.020495s ]
INFO: [ view_parse ] --END-- [ RunTime:0.020512s ]
INFO: [ view_filter ] --START--
INFO: Run Behavior\WriteHtmlCacheBehavior [ RunTime:0.000685s ]
INFO: Run Behavior\TokenBuildBehavior [ RunTime:0.000334s ]
INFO: [ view_filter ] --END-- [ RunTime:0.001059s ]
NOTIC: [8] Undefined variable: result /home/wwwroot/default/newproject/cc/ThinkPHP/Library/Think/Hook.class.php 第 103 行.
NOTIC: [8] Undefined variable: result /home/wwwroot/default/newproject/cc/ThinkPHP/Library/Think/Hook.class.php 第 103 行.
INFO: [ app_end ] --START--
INFO: Run Behavior\ShowPageTraceBehavior [ RunTime:0.000720s ]
INFO: [ app_end ] --END-- [ RunTime:0.000740s ]

