[ 2021-04-18T23:30:04+08:00 ] 192.168.33.1 /Admin/Index/index
INFO: [ app_init ] --START--
INFO: Run Behavior\BuildLiteBehavior [ RunTime:0.000010s ]
INFO: [ app_init ] --END-- [ RunTime:0.001081s ]
NOTIC: [8] Constant NOW_TIME already defined /home/wwwroot/default/newproject/cc/ThinkPHP/Library/Think/App.class.php 第 30 行.
NOTIC: [8] Undefined variable: result /home/wwwroot/default/newproject/cc/ThinkPHP/Library/Think/Hook.class.php 第 103 行.
NOTIC: [8] Undefined variable: result /home/wwwroot/default/newproject/cc/ThinkPHP/Library/Think/Hook.class.php 第 103 行.
NOTIC: [8] Undefined variable: result /home/wwwroot/default/newproject/cc/ThinkPHP/Library/Think/Hook.class.php 第 103 行.
INFO: [ app_begin ] --START--
INFO: Run Behavior\ReadHtmlCacheBehavior [ RunTime:0.001114s ]
INFO: [ app_begin ] --END-- [ RunTime:0.001150s ]
NOTIC: [8] Undefined variable: result /home/wwwroot/default/newproject/cc/ThinkPHP/Library/Think/Hook.class.php 第 103 行.
INFO: [ rbac ] --START--
SQL: SHOW COLUMNS FROM `dc_system_setting` [ RunTime:0.0006s ]
SQL: SELECT * FROM `dc_system_setting`  [ RunTime:0.0002s ]
SQL: SHOW COLUMNS FROM `dc_user` [ RunTime:0.0002s ]
SQL: SHOW COLUMNS FROM `dc_user` [ RunTime:0.0012s ]
SQL: SELECT * FROM `dc_user` WHERE `id` = 3 LIMIT 1   [ RunTime:0.0002s ]
SQL: SHOW COLUMNS FROM `dc_rbac_role_user` [ RunTime:0.0003s ]
SQL: SELECT * FROM `dc_rbac_role_user` WHERE `user_id` = '3'  [ RunTime:0.0008s ]
SQL: SHOW COLUMNS FROM `dc_rbac_role` [ RunTime:0.0005s ]
SQL: SELECT * FROM `dc_rbac_role` WHERE `id` = 1 LIMIT 1   [ RunTime:0.0002s ]
SQL: SHOW COLUMNS FROM `dc_rbac_mp_access` [ RunTime:0.0001s ]
SQL: SELECT * FROM `dc_rbac_mp_access` WHERE `role_id` = 1 LIMIT 1   [ RunTime:0.0002s ]
NOTIC: [2] Invalid argument supplied for foreach() /home/wwwroot/default/newproject/cc/App/User/Model/UserModel.class.php 第 160 行.
INFO: Run Common\Behavior\RbacBehavior [ RunTime:0.025571s ]
INFO: [ rbac ] --END-- [ RunTime:0.025586s ]
SQL: SELECT * FROM `dc_user` WHERE `id` = 3 LIMIT 1   [ RunTime:0.0008s ]
SQL: SELECT * FROM `dc_user` WHERE `id` = 3 LIMIT 1   [ RunTime:0.0002s ]
SQL: SELECT * FROM `dc_rbac_role_user` WHERE `user_id` = '3'  [ RunTime:0.0002s ]
SQL: SELECT * FROM `dc_rbac_role` WHERE `id` = 1 LIMIT 1   [ RunTime:0.0002s ]
SQL: SELECT * FROM `dc_rbac_mp_access` WHERE `role_id` = 1 LIMIT 1   [ RunTime:0.0002s ]
NOTIC: [2] Invalid argument supplied for foreach() /home/wwwroot/default/newproject/cc/App/User/Model/UserModel.class.php 第 160 行.
SQL: SELECT * FROM `dc_user` WHERE `id` = 3 LIMIT 1   [ RunTime:0.0003s ]
NOTIC: [8] Undefined index: meta_title /home/wwwroot/default/newproject/cc/App/Common/Controller/CommonController.class.php 第 862 行.
NOTIC: [8] Undefined index: crumb /home/wwwroot/default/newproject/cc/App/Common/Controller/CommonController.class.php 第 863 行.
NOTIC: [8] Undefined index: nav /home/wwwroot/default/newproject/cc/App/Common/Controller/CommonController.class.php 第 864 行.
NOTIC: [8] Undefined index: sidenav /home/wwwroot/default/newproject/cc/App/Common/Controller/CommonController.class.php 第 865 行.
NOTIC: [8] Undefined index: subnav /home/wwwroot/default/newproject/cc/App/Common/Controller/CommonController.class.php 第 866 行.
NOTIC: [8] Undefined index: btn /home/wwwroot/default/newproject/cc/App/Common/Controller/CommonController.class.php 第 867 行.
NOTIC: [8] Undefined index: tip /home/wwwroot/default/newproject/cc/App/Common/Controller/CommonController.class.php 第 868 行.
NOTIC: [8] Undefined index: list_search /home/wwwroot/default/newproject/cc/App/Common/Controller/CommonController.class.php 第 869 行.
NOTIC: [8] Undefined index: submit_type /home/wwwroot/default/newproject/cc/App/Common/Controller/CommonController.class.php 第 870 行.
NOTIC: [8] Undefined variable: result /home/wwwroot/default/newproject/cc/ThinkPHP/Library/Think/Hook.class.php 第 103 行.
INFO: [ view_parse ] --START--
INFO: [ template_filter ] --START--
INFO: Run Behavior\ContentReplaceBehavior [ RunTime:0.000103s ]
INFO: [ template_filter ] --END-- [ RunTime:0.000178s ]
NOTIC: [8] Undefined variable: settings /home/wwwroot/default/newproject/cc/Runtime/Cache/Admin/220f72f7e6ae0a9673378392936f2785.php 第 12 行.
NOTIC: [8] Undefined variable: settings /home/wwwroot/default/newproject/cc/Runtime/Cache/Admin/220f72f7e6ae0a9673378392936f2785.php 第 13 行.
NOTIC: [8] Undefined variable: mp_info /home/wwwroot/default/newproject/cc/Runtime/Cache/Admin/220f72f7e6ae0a9673378392936f2785.php 第 118 行.
NOTIC: [8] Undefined variable: mp_info /home/wwwroot/default/newproject/cc/Runtime/Cache/Admin/220f72f7e6ae0a9673378392936f2785.php 第 135 行.
NOTIC: [8] Undefined variable: mp_info /home/wwwroot/default/newproject/cc/Runtime/Cache/Admin/220f72f7e6ae0a9673378392936f2785.php 第 146 行.
NOTIC: [8] Undefined index: attr /home/wwwroot/default/newproject/cc/Runtime/Cache/Admin/220f72f7e6ae0a9673378392936f2785.php 第 236 行.
NOTIC: [8] Undefined index: children /home/wwwroot/default/newproject/cc/Runtime/Cache/Admin/220f72f7e6ae0a9673378392936f2785.php 第 241 行.
NOTIC: [8] Undefined index: attr /home/wwwroot/default/newproject/cc/Runtime/Cache/Admin/220f72f7e6ae0a9673378392936f2785.php 第 236 行.
NOTIC: [8] Undefined index: children /home/wwwroot/default/newproject/cc/Runtime/Cache/Admin/220f72f7e6ae0a9673378392936f2785.php 第 241 行.
NOTIC: [8] Undefined index: attr /home/wwwroot/default/newproject/cc/Runtime/Cache/Admin/220f72f7e6ae0a9673378392936f2785.php 第 236 行.
NOTIC: [8] Undefined index: children /home/wwwroot/default/newproject/cc/Runtime/Cache/Admin/220f72f7e6ae0a9673378392936f2785.php 第 241 行.
NOTIC: [8] Undefined index: attr /home/wwwroot/default/newproject/cc/Runtime/Cache/Admin/220f72f7e6ae0a9673378392936f2785.php 第 236 行.
NOTIC: [8] Undefined index: children /home/wwwroot/default/newproject/cc/Runtime/Cache/Admin/220f72f7e6ae0a9673378392936f2785.php 第 241 行.
NOTIC: [8] Undefined index: attr /home/wwwroot/default/newproject/cc/Runtime/Cache/Admin/220f72f7e6ae0a9673378392936f2785.php 第 236 行.
NOTIC: [8] Undefined index: children /home/wwwroot/default/newproject/cc/Runtime/Cache/Admin/220f72f7e6ae0a9673378392936f2785.php 第 241 行.
NOTIC: [8] Undefined offset: 1 /home/wwwroot/default/newproject/cc/App/Common/Common/function.php 第 857 行.
SQL: select version() as v; [ RunTime:0.0082s ]
INFO: Run Behavior\ParseTemplateBehavior [ RunTime:0.033575s ]
INFO: [ view_parse ] --END-- [ RunTime:0.033602s ]
INFO: [ view_filter ] --START--
INFO: Run Behavior\WriteHtmlCacheBehavior [ RunTime:0.004967s ]
INFO: Run Behavior\TokenBuildBehavior [ RunTime:0.002541s ]
INFO: [ view_filter ] --END-- [ RunTime:0.007557s ]
NOTIC: [8] Undefined variable: result /home/wwwroot/default/newproject/cc/ThinkPHP/Library/Think/Hook.class.php 第 103 行.
NOTIC: [8] Undefined variable: result /home/wwwroot/default/newproject/cc/ThinkPHP/Library/Think/Hook.class.php 第 103 行.
INFO: [ app_end ] --START--
INFO: Run Behavior\ShowPageTraceBehavior [ RunTime:0.001443s ]
INFO: [ app_end ] --END-- [ RunTime:0.001474s ]

[ 2021-04-18T23:30:07+08:00 ] 192.168.33.1 /Admin/Passenger/lists
INFO: [ app_init ] --START--
INFO: Run Behavior\BuildLiteBehavior [ RunTime:0.000012s ]
INFO: [ app_init ] --END-- [ RunTime:0.000674s ]
NOTIC: [8] Constant NOW_TIME already defined /home/wwwroot/default/newproject/cc/ThinkPHP/Library/Think/App.class.php 第 30 行.
NOTIC: [8] Undefined variable: result /home/wwwroot/default/newproject/cc/ThinkPHP/Library/Think/Hook.class.php 第 103 行.
NOTIC: [8] Undefined variable: result /home/wwwroot/default/newproject/cc/ThinkPHP/Library/Think/Hook.class.php 第 103 行.
NOTIC: [8] Undefined variable: result /home/wwwroot/default/newproject/cc/ThinkPHP/Library/Think/Hook.class.php 第 103 行.
INFO: [ app_begin ] --START--
INFO: Run Behavior\ReadHtmlCacheBehavior [ RunTime:0.001105s ]
INFO: [ app_begin ] --END-- [ RunTime:0.001142s ]
NOTIC: [8] Undefined variable: result /home/wwwroot/default/newproject/cc/ThinkPHP/Library/Think/Hook.class.php 第 103 行.
INFO: [ rbac ] --START--
SQL: SHOW COLUMNS FROM `dc_system_setting` [ RunTime:0.0008s ]
SQL: SELECT * FROM `dc_system_setting`  [ RunTime:0.0004s ]
SQL: SHOW COLUMNS FROM `dc_user` [ RunTime:0.0014s ]
SQL: SHOW COLUMNS FROM `dc_user` [ RunTime:0.0006s ]
SQL: SELECT * FROM `dc_user` WHERE `id` = 3 LIMIT 1   [ RunTime:0.0001s ]
SQL: SHOW COLUMNS FROM `dc_rbac_role_user` [ RunTime:0.0007s ]
SQL: SELECT * FROM `dc_rbac_role_user` WHERE `user_id` = '3'  [ RunTime:0.0002s ]
SQL: SHOW COLUMNS FROM `dc_rbac_role` [ RunTime:0.0004s ]
SQL: SELECT * FROM `dc_rbac_role` WHERE `id` = 1 LIMIT 1   [ RunTime:0.0002s ]
SQL: SHOW COLUMNS FROM `dc_rbac_mp_access` [ RunTime:0.0003s ]
SQL: SELECT * FROM `dc_rbac_mp_access` WHERE `role_id` = 1 LIMIT 1   [ RunTime:0.0002s ]
NOTIC: [2] Invalid argument supplied for foreach() /home/wwwroot/default/newproject/cc/App/User/Model/UserModel.class.php 第 160 行.
INFO: Run Common\Behavior\RbacBehavior [ RunTime:0.024866s ]
INFO: [ rbac ] --END-- [ RunTime:0.024890s ]
SQL: SELECT * FROM `dc_user` WHERE `id` = 3 LIMIT 1   [ RunTime:0.0002s ]
SQL: SELECT * FROM `dc_user` WHERE `id` = 3 LIMIT 1   [ RunTime:0.0002s ]
SQL: SELECT * FROM `dc_rbac_role_user` WHERE `user_id` = '3'  [ RunTime:0.0002s ]
SQL: SELECT * FROM `dc_rbac_role` WHERE `id` = 1 LIMIT 1   [ RunTime:0.0002s ]
SQL: SELECT * FROM `dc_rbac_mp_access` WHERE `role_id` = 1 LIMIT 1   [ RunTime:0.0002s ]
NOTIC: [2] Invalid argument supplied for foreach() /home/wwwroot/default/newproject/cc/App/User/Model/UserModel.class.php 第 160 行.
SQL: SELECT * FROM `dc_user` WHERE `id` = 3 LIMIT 1   [ RunTime:0.0004s ]
SQL: SHOW COLUMNS FROM `dc_bs_user` [ RunTime:0.0006s ]
SQL: SELECT * FROM `dc_bs_user` WHERE `type` = 1 AND `status` = 1  [ RunTime:0.0010s ]
NOTIC: [8] Undefined index: name /home/wwwroot/default/newproject/cc/App/Common/Controller/CommonController.class.php 第 70 行.
NOTIC: [8] Undefined index: attr /home/wwwroot/default/newproject/cc/App/Common/Controller/CommonController.class.php 第 153 行.
NOTIC: [8] Undefined index: attr /home/wwwroot/default/newproject/cc/App/Common/Controller/CommonController.class.php 第 153 行.
NOTIC: [8] Undefined index: attr /home/wwwroot/default/newproject/cc/App/Common/Controller/CommonController.class.php 第 153 行.
NOTIC: [8] Undefined index: attr /home/wwwroot/default/newproject/cc/App/Common/Controller/CommonController.class.php 第 153 行.
NOTIC: [8] Undefined index: attr /home/wwwroot/default/newproject/cc/App/Common/Controller/CommonController.class.php 第 153 行.
NOTIC: [8] Undefined index: attr /home/wwwroot/default/newproject/cc/App/Common/Controller/CommonController.class.php 第 153 行.
NOTIC: [8] Undefined index: attr /home/wwwroot/default/newproject/cc/App/Common/Controller/CommonController.class.php 第 153 行.
NOTIC: [8] Undefined index: attr /home/wwwroot/default/newproject/cc/App/Common/Controller/CommonController.class.php 第 153 行.
NOTIC: [8] Undefined index: attr /home/wwwroot/default/newproject/cc/App/Common/Controller/CommonController.class.php 第 153 行.
NOTIC: [8] Undefined index: attr /home/wwwroot/default/newproject/cc/App/Common/Controller/CommonController.class.php 第 153 行.
NOTIC: [8] Undefined index: attr /home/wwwroot/default/newproject/cc/App/Common/Controller/CommonController.class.php 第 153 行.
NOTIC: [8] Undefined index: attr /home/wwwroot/default/newproject/cc/App/Common/Controller/CommonController.class.php 第 153 行.
NOTIC: [8] Undefined index: attr /home/wwwroot/default/newproject/cc/App/Common/Controller/CommonController.class.php 第 153 行.
NOTIC: [8] Undefined index: attr /home/wwwroot/default/newproject/cc/App/Common/Controller/CommonController.class.php 第 153 行.
NOTIC: [8] Undefined index: attr /home/wwwroot/default/newproject/cc/App/Common/Controller/CommonController.class.php 第 153 行.
NOTIC: [8] Undefined index: list_map /home/wwwroot/default/newproject/cc/App/Common/Controller/CommonController.class.php 第 177 行.
NOTIC: [8] Undefined offset: 1 /home/wwwroot/default/newproject/cc/App/Common/Common/function.php 第 857 行.
NOTIC: [8] Undefined index: meta_title /home/wwwroot/default/newproject/cc/App/Common/Controller/CommonController.class.php 第 862 行.
NOTIC: [8] Undefined index: sidenav /home/wwwroot/default/newproject/cc/App/Common/Controller/CommonController.class.php 第 865 行.
NOTIC: [8] Undefined index: subnav /home/wwwroot/default/newproject/cc/App/Common/Controller/CommonController.class.php 第 866 行.
NOTIC: [8] Undefined index: btn /home/wwwroot/default/newproject/cc/App/Common/Controller/CommonController.class.php 第 867 行.
NOTIC: [8] Undefined index: tip /home/wwwroot/default/newproject/cc/App/Common/Controller/CommonController.class.php 第 868 行.
NOTIC: [8] Undefined index: list_search /home/wwwroot/default/newproject/cc/App/Common/Controller/CommonController.class.php 第 869 行.
NOTIC: [8] Undefined index: submit_type /home/wwwroot/default/newproject/cc/App/Common/Controller/CommonController.class.php 第 870 行.
NOTIC: [8] Undefined variable: result /home/wwwroot/default/newproject/cc/ThinkPHP/Library/Think/Hook.class.php 第 103 行.
INFO: [ view_parse ] --START--
INFO: [ template_filter ] --START--
INFO: Run Behavior\ContentReplaceBehavior [ RunTime:0.000135s ]
INFO: [ template_filter ] --END-- [ RunTime:0.000256s ]
NOTIC: [8] Undefined variable: meta_title /home/wwwroot/default/newproject/cc/Runtime/Cache/Admin/7458a170556c8c4f56f101fcee026dd6.php 第 11 行.
NOTIC: [8] Undefined variable: settings /home/wwwroot/default/newproject/cc/Runtime/Cache/Admin/7458a170556c8c4f56f101fcee026dd6.php 第 12 行.
NOTIC: [8] Undefined variable: settings /home/wwwroot/default/newproject/cc/Runtime/Cache/Admin/7458a170556c8c4f56f101fcee026dd6.php 第 13 行.
NOTIC: [8] Undefined variable: mp_info /home/wwwroot/default/newproject/cc/Runtime/Cache/Admin/7458a170556c8c4f56f101fcee026dd6.php 第 112 行.
NOTIC: [8] Undefined variable: mp_info /home/wwwroot/default/newproject/cc/Runtime/Cache/Admin/7458a170556c8c4f56f101fcee026dd6.php 第 129 行.
NOTIC: [8] Undefined variable: mp_info /home/wwwroot/default/newproject/cc/Runtime/Cache/Admin/7458a170556c8c4f56f101fcee026dd6.php 第 140 行.
NOTIC: [8] Undefined index: attr /home/wwwroot/default/newproject/cc/Runtime/Cache/Admin/7458a170556c8c4f56f101fcee026dd6.php 第 230 行.
NOTIC: [8] Undefined index: children /home/wwwroot/default/newproject/cc/Runtime/Cache/Admin/7458a170556c8c4f56f101fcee026dd6.php 第 235 行.
NOTIC: [8] Undefined index: attr /home/wwwroot/default/newproject/cc/Runtime/Cache/Admin/7458a170556c8c4f56f101fcee026dd6.php 第 230 行.
NOTIC: [8] Undefined index: children /home/wwwroot/default/newproject/cc/Runtime/Cache/Admin/7458a170556c8c4f56f101fcee026dd6.php 第 235 行.
NOTIC: [8] Undefined index: attr /home/wwwroot/default/newproject/cc/Runtime/Cache/Admin/7458a170556c8c4f56f101fcee026dd6.php 第 230 行.
NOTIC: [8] Undefined index: children /home/wwwroot/default/newproject/cc/Runtime/Cache/Admin/7458a170556c8c4f56f101fcee026dd6.php 第 235 行.
NOTIC: [8] Undefined index: attr /home/wwwroot/default/newproject/cc/Runtime/Cache/Admin/7458a170556c8c4f56f101fcee026dd6.php 第 230 行.
NOTIC: [8] Undefined index: children /home/wwwroot/default/newproject/cc/Runtime/Cache/Admin/7458a170556c8c4f56f101fcee026dd6.php 第 235 行.
NOTIC: [8] Undefined index: attr /home/wwwroot/default/newproject/cc/Runtime/Cache/Admin/7458a170556c8c4f56f101fcee026dd6.php 第 230 行.
NOTIC: [8] Undefined index: children /home/wwwroot/default/newproject/cc/Runtime/Cache/Admin/7458a170556c8c4f56f101fcee026dd6.php 第 235 行.
NOTIC: [8] Undefined offset: 1 /home/wwwroot/default/newproject/cc/App/Common/Common/function.php 第 857 行.
NOTIC: [8] Undefined variable: tip /home/wwwroot/default/newproject/cc/Runtime/Cache/Admin/7458a170556c8c4f56f101fcee026dd6.php 第 287 行.
NOTIC: [8] Undefined variable: subnav /home/wwwroot/default/newproject/cc/Runtime/Cache/Admin/7458a170556c8c4f56f101fcee026dd6.php 第 308 行.
NOTIC: [8] Undefined variable: add_button /home/wwwroot/default/newproject/cc/Runtime/Cache/Admin/7458a170556c8c4f56f101fcee026dd6.php 第 313 行.
NOTIC: [8] Undefined variable: del_button /home/wwwroot/default/newproject/cc/Runtime/Cache/Admin/7458a170556c8c4f56f101fcee026dd6.php 第 314 行.
NOTIC: [8] Undefined variable: btn /home/wwwroot/default/newproject/cc/Runtime/Cache/Admin/7458a170556c8c4f56f101fcee026dd6.php 第 315 行.
NOTIC: [8] Undefined offset: 1 /home/wwwroot/default/newproject/cc/App/Common/Common/function.php 第 857 行.
NOTIC: [8] Undefined index: name /home/wwwroot/default/newproject/cc/Runtime/Cache/Admin/7458a170556c8c4f56f101fcee026dd6.php 第 319 行.
INFO: Run Behavior\ParseTemplateBehavior [ RunTime:0.023889s ]
INFO: [ view_parse ] --END-- [ RunTime:0.023910s ]
INFO: [ view_filter ] --START--
INFO: Run Behavior\WriteHtmlCacheBehavior [ RunTime:0.000351s ]
INFO: Run Behavior\TokenBuildBehavior [ RunTime:0.001473s ]
INFO: [ view_filter ] --END-- [ RunTime:0.001894s ]
NOTIC: [8] Undefined variable: result /home/wwwroot/default/newproject/cc/ThinkPHP/Library/Think/Hook.class.php 第 103 行.
NOTIC: [8] Undefined variable: result /home/wwwroot/default/newproject/cc/ThinkPHP/Library/Think/Hook.class.php 第 103 行.
INFO: [ app_end ] --START--
INFO: Run Behavior\ShowPageTraceBehavior [ RunTime:0.000736s ]
INFO: [ app_end ] --END-- [ RunTime:0.000756s ]

[ 2021-04-18T23:48:34+08:00 ] 192.168.33.1 /Admin/Black/lists
INFO: [ app_init ] --START--
INFO: Run Behavior\BuildLiteBehavior [ RunTime:0.000012s ]
INFO: [ app_init ] --END-- [ RunTime:0.001102s ]
NOTIC: [8] Constant NOW_TIME already defined /home/wwwroot/default/newproject/cc/ThinkPHP/Library/Think/App.class.php 第 30 行.
NOTIC: [8] Undefined variable: result /home/wwwroot/default/newproject/cc/ThinkPHP/Library/Think/Hook.class.php 第 103 行.
NOTIC: [8] Undefined variable: result /home/wwwroot/default/newproject/cc/ThinkPHP/Library/Think/Hook.class.php 第 103 行.
NOTIC: [8] Undefined variable: result /home/wwwroot/default/newproject/cc/ThinkPHP/Library/Think/Hook.class.php 第 103 行.
INFO: [ app_begin ] --START--
INFO: Run Behavior\ReadHtmlCacheBehavior [ RunTime:0.001081s ]
INFO: [ app_begin ] --END-- [ RunTime:0.001111s ]
NOTIC: [8] Undefined variable: result /home/wwwroot/default/newproject/cc/ThinkPHP/Library/Think/Hook.class.php 第 103 行.
INFO: [ rbac ] --START--
SQL: SHOW COLUMNS FROM `dc_system_setting` [ RunTime:0.0015s ]
SQL: SELECT * FROM `dc_system_setting`  [ RunTime:0.0003s ]
SQL: SHOW COLUMNS FROM `dc_user` [ RunTime:0.0007s ]
SQL: SHOW COLUMNS FROM `dc_user` [ RunTime:0.0004s ]
SQL: SELECT * FROM `dc_user` WHERE `id` = 3 LIMIT 1   [ RunTime:0.0002s ]
SQL: SHOW COLUMNS FROM `dc_rbac_role_user` [ RunTime:0.0011s ]
SQL: SELECT * FROM `dc_rbac_role_user` WHERE `user_id` = '3'  [ RunTime:0.0002s ]
SQL: SHOW COLUMNS FROM `dc_rbac_role` [ RunTime:0.0005s ]
SQL: SELECT * FROM `dc_rbac_role` WHERE `id` = 1 LIMIT 1   [ RunTime:0.0002s ]
SQL: SHOW COLUMNS FROM `dc_rbac_mp_access` [ RunTime:0.0004s ]
SQL: SELECT * FROM `dc_rbac_mp_access` WHERE `role_id` = 1 LIMIT 1   [ RunTime:0.0002s ]
NOTIC: [2] Invalid argument supplied for foreach() /home/wwwroot/default/newproject/cc/App/User/Model/UserModel.class.php 第 160 行.
INFO: Run Common\Behavior\RbacBehavior [ RunTime:0.026778s ]
INFO: [ rbac ] --END-- [ RunTime:0.026794s ]
SQL: SELECT * FROM `dc_user` WHERE `id` = 3 LIMIT 1   [ RunTime:0.0002s ]
SQL: SELECT * FROM `dc_user` WHERE `id` = 3 LIMIT 1   [ RunTime:0.0002s ]
SQL: SELECT * FROM `dc_rbac_role_user` WHERE `user_id` = '3'  [ RunTime:0.0002s ]
SQL: SELECT * FROM `dc_rbac_role` WHERE `id` = 1 LIMIT 1   [ RunTime:0.0001s ]
SQL: SELECT * FROM `dc_rbac_mp_access` WHERE `role_id` = 1 LIMIT 1   [ RunTime:0.0001s ]
NOTIC: [2] Invalid argument supplied for foreach() /home/wwwroot/default/newproject/cc/App/User/Model/UserModel.class.php 第 160 行.
SQL: SELECT * FROM `dc_user` WHERE `id` = 3 LIMIT 1   [ RunTime:0.0016s ]
SQL: SHOW COLUMNS FROM `dc_bs_user` [ RunTime:0.0006s ]
SQL: SELECT * FROM `dc_bs_user` WHERE `status` = 0  [ RunTime:0.0003s ]
NOTIC: [8] Undefined index: name /home/wwwroot/default/newproject/cc/App/Common/Controller/CommonController.class.php 第 70 行.
NOTIC: [2] date() expects parameter 2 to be integer, string given /home/wwwroot/default/newproject/cc/App/Common/Controller/CommonController.class.php 第 109 行.
NOTIC: [8] Undefined index: placeholder /home/wwwroot/default/newproject/cc/App/Common/Controller/CommonController.class.php 第 172 行.
NOTIC: [8] Undefined index: attr /home/wwwroot/default/newproject/cc/App/Common/Controller/CommonController.class.php 第 153 行.
NOTIC: [8] Undefined index: attr /home/wwwroot/default/newproject/cc/App/Common/Controller/CommonController.class.php 第 153 行.
NOTIC: [8] Undefined index: attr /home/wwwroot/default/newproject/cc/App/Common/Controller/CommonController.class.php 第 153 行.
NOTIC: [2] date() expects parameter 2 to be integer, string given /home/wwwroot/default/newproject/cc/App/Common/Controller/CommonController.class.php 第 109 行.
NOTIC: [8] Undefined index: placeholder /home/wwwroot/default/newproject/cc/App/Common/Controller/CommonController.class.php 第 172 行.
NOTIC: [8] Undefined index: attr /home/wwwroot/default/newproject/cc/App/Common/Controller/CommonController.class.php 第 153 行.
NOTIC: [8] Undefined index: attr /home/wwwroot/default/newproject/cc/App/Common/Controller/CommonController.class.php 第 153 行.
NOTIC: [8] Undefined index: attr /home/wwwroot/default/newproject/cc/App/Common/Controller/CommonController.class.php 第 153 行.
NOTIC: [8] Undefined index: attr /home/wwwroot/default/newproject/cc/App/Common/Controller/CommonController.class.php 第 153 行.
NOTIC: [8] Undefined index: attr /home/wwwroot/default/newproject/cc/App/Common/Controller/CommonController.class.php 第 153 行.
NOTIC: [8] Undefined index: attr /home/wwwroot/default/newproject/cc/App/Common/Controller/CommonController.class.php 第 153 行.
NOTIC: [8] Undefined index: list_map /home/wwwroot/default/newproject/cc/App/Common/Controller/CommonController.class.php 第 177 行.
NOTIC: [8] Undefined offset: 1 /home/wwwroot/default/newproject/cc/App/Common/Common/function.php 第 857 行.
NOTIC: [8] Undefined index: meta_title /home/wwwroot/default/newproject/cc/App/Common/Controller/CommonController.class.php 第 862 行.
NOTIC: [8] Undefined index: sidenav /home/wwwroot/default/newproject/cc/App/Common/Controller/CommonController.class.php 第 865 行.
NOTIC: [8] Undefined index: subnav /home/wwwroot/default/newproject/cc/App/Common/Controller/CommonController.class.php 第 866 行.
NOTIC: [8] Undefined index: btn /home/wwwroot/default/newproject/cc/App/Common/Controller/CommonController.class.php 第 867 行.
NOTIC: [8] Undefined index: tip /home/wwwroot/default/newproject/cc/App/Common/Controller/CommonController.class.php 第 868 行.
NOTIC: [8] Undefined index: list_search /home/wwwroot/default/newproject/cc/App/Common/Controller/CommonController.class.php 第 869 行.
NOTIC: [8] Undefined index: submit_type /home/wwwroot/default/newproject/cc/App/Common/Controller/CommonController.class.php 第 870 行.
NOTIC: [8] Undefined variable: result /home/wwwroot/default/newproject/cc/ThinkPHP/Library/Think/Hook.class.php 第 103 行.
INFO: [ view_parse ] --START--
INFO: [ template_filter ] --START--
INFO: Run Behavior\ContentReplaceBehavior [ RunTime:0.000082s ]
INFO: [ template_filter ] --END-- [ RunTime:0.000110s ]
NOTIC: [8] Undefined variable: meta_title /home/wwwroot/default/newproject/cc/Runtime/Cache/Admin/7458a170556c8c4f56f101fcee026dd6.php 第 11 行.
NOTIC: [8] Undefined variable: settings /home/wwwroot/default/newproject/cc/Runtime/Cache/Admin/7458a170556c8c4f56f101fcee026dd6.php 第 12 行.
NOTIC: [8] Undefined variable: settings /home/wwwroot/default/newproject/cc/Runtime/Cache/Admin/7458a170556c8c4f56f101fcee026dd6.php 第 13 行.
NOTIC: [8] Undefined variable: mp_info /home/wwwroot/default/newproject/cc/Runtime/Cache/Admin/7458a170556c8c4f56f101fcee026dd6.php 第 112 行.
NOTIC: [8] Undefined variable: mp_info /home/wwwroot/default/newproject/cc/Runtime/Cache/Admin/7458a170556c8c4f56f101fcee026dd6.php 第 129 行.
NOTIC: [8] Undefined variable: mp_info /home/wwwroot/default/newproject/cc/Runtime/Cache/Admin/7458a170556c8c4f56f101fcee026dd6.php 第 140 行.
NOTIC: [8] Undefined index: attr /home/wwwroot/default/newproject/cc/Runtime/Cache/Admin/7458a170556c8c4f56f101fcee026dd6.php 第 230 行.
NOTIC: [8] Undefined index: children /home/wwwroot/default/newproject/cc/Runtime/Cache/Admin/7458a170556c8c4f56f101fcee026dd6.php 第 235 行.
NOTIC: [8] Undefined index: attr /home/wwwroot/default/newproject/cc/Runtime/Cache/Admin/7458a170556c8c4f56f101fcee026dd6.php 第 230 行.
NOTIC: [8] Undefined index: children /home/wwwroot/default/newproject/cc/Runtime/Cache/Admin/7458a170556c8c4f56f101fcee026dd6.php 第 235 行.
NOTIC: [8] Undefined index: attr /home/wwwroot/default/newproject/cc/Runtime/Cache/Admin/7458a170556c8c4f56f101fcee026dd6.php 第 230 行.
NOTIC: [8] Undefined index: children /home/wwwroot/default/newproject/cc/Runtime/Cache/Admin/7458a170556c8c4f56f101fcee026dd6.php 第 235 行.
NOTIC: [8] Undefined index: attr /home/wwwroot/default/newproject/cc/Runtime/Cache/Admin/7458a170556c8c4f56f101fcee026dd6.php 第 230 行.
NOTIC: [8] Undefined index: children /home/wwwroot/default/newproject/cc/Runtime/Cache/Admin/7458a170556c8c4f56f101fcee026dd6.php 第 235 行.
NOTIC: [8] Undefined index: attr /home/wwwroot/default/newproject/cc/Runtime/Cache/Admin/7458a170556c8c4f56f101fcee026dd6.php 第 230 行.
NOTIC: [8] Undefined index: children /home/wwwroot/default/newproject/cc/Runtime/Cache/Admin/7458a170556c8c4f56f101fcee026dd6.php 第 235 行.
NOTIC: [8] Undefined offset: 1 /home/wwwroot/default/newproject/cc/App/Common/Common/function.php 第 857 行.
NOTIC: [8] Undefined variable: tip /home/wwwroot/default/newproject/cc/Runtime/Cache/Admin/7458a170556c8c4f56f101fcee026dd6.php 第 287 行.
NOTIC: [8] Undefined variable: subnav /home/wwwroot/default/newproject/cc/Runtime/Cache/Admin/7458a170556c8c4f56f101fcee026dd6.php 第 308 行.
NOTIC: [8] Undefined variable: add_button /home/wwwroot/default/newproject/cc/Runtime/Cache/Admin/7458a170556c8c4f56f101fcee026dd6.php 第 313 行.
NOTIC: [8] Undefined variable: del_button /home/wwwroot/default/newproject/cc/Runtime/Cache/Admin/7458a170556c8c4f56f101fcee026dd6.php 第 314 行.
NOTIC: [8] Undefined variable: btn /home/wwwroot/default/newproject/cc/Runtime/Cache/Admin/7458a170556c8c4f56f101fcee026dd6.php 第 315 行.
NOTIC: [8] Undefined offset: 1 /home/wwwroot/default/newproject/cc/App/Common/Common/function.php 第 857 行.
NOTIC: [8] Undefined index: name /home/wwwroot/default/newproject/cc/Runtime/Cache/Admin/7458a170556c8c4f56f101fcee026dd6.php 第 319 行.
INFO: Run Behavior\ParseTemplateBehavior [ RunTime:0.030271s ]
INFO: [ view_parse ] --END-- [ RunTime:0.030303s ]
INFO: [ view_filter ] --START--
INFO: Run Behavior\WriteHtmlCacheBehavior [ RunTime:0.001151s ]
INFO: Run Behavior\TokenBuildBehavior [ RunTime:0.001334s ]
INFO: [ view_filter ] --END-- [ RunTime:0.002530s ]
NOTIC: [8] Undefined variable: result /home/wwwroot/default/newproject/cc/ThinkPHP/Library/Think/Hook.class.php 第 103 行.
NOTIC: [8] Undefined variable: result /home/wwwroot/default/newproject/cc/ThinkPHP/Library/Think/Hook.class.php 第 103 行.
INFO: [ app_end ] --START--
INFO: Run Behavior\ShowPageTraceBehavior [ RunTime:0.001567s ]
INFO: [ app_end ] --END-- [ RunTime:0.001595s ]

