[ 2021-04-15T16:38:38+08:00 ] 192.168.33.1 /User/Public/login_out
INFO: [ app_init ] --START--
INFO: Run Behavior\BuildLiteBehavior [ RunTime:0.000009s ]
INFO: [ app_init ] --END-- [ RunTime:0.000620s ]
NOTIC: [8] Constant NOW_TIME already defined /home/wwwroot/default/newproject/cc/ThinkPHP/Library/Think/App.class.php 第 30 行.
NOTIC: [8] Undefined variable: result /home/wwwroot/default/newproject/cc/ThinkPHP/Library/Think/Hook.class.php 第 103 行.
NOTIC: [8] Undefined variable: result /home/wwwroot/default/newproject/cc/ThinkPHP/Library/Think/Hook.class.php 第 103 行.
NOTIC: [8] Undefined variable: result /home/wwwroot/default/newproject/cc/ThinkPHP/Library/Think/Hook.class.php 第 103 行.
INFO: [ app_begin ] --START--
INFO: Run Behavior\ReadHtmlCacheBehavior [ RunTime:0.001053s ]
INFO: [ app_begin ] --END-- [ RunTime:0.001195s ]
NOTIC: [8] Undefined variable: result /home/wwwroot/default/newproject/cc/ThinkPHP/Library/Think/Hook.class.php 第 103 行.
SQL: SHOW COLUMNS FROM `dc_system_setting` [ RunTime:0.0008s ]
SQL: SELECT * FROM `dc_system_setting`  [ RunTime:0.0021s ]
SQL: SHOW COLUMNS FROM `dc_user` [ RunTime:0.0007s ]
NOTIC: [8] Undefined variable: result /home/wwwroot/default/newproject/cc/ThinkPHP/Library/Think/Hook.class.php 第 103 行.
INFO: [ view_parse ] --START--
INFO: [ template_filter ] --START--
INFO: Run Behavior\ContentReplaceBehavior [ RunTime:0.000028s ]
INFO: [ template_filter ] --END-- [ RunTime:0.000061s ]
INFO: Run Behavior\ParseTemplateBehavior [ RunTime:0.017827s ]
INFO: [ view_parse ] --END-- [ RunTime:0.017869s ]
INFO: [ view_filter ] --START--
INFO: Run Behavior\WriteHtmlCacheBehavior [ RunTime:0.000920s ]
INFO: Run Behavior\TokenBuildBehavior [ RunTime:0.002097s ]
INFO: [ view_filter ] --END-- [ RunTime:0.003068s ]
NOTIC: [8] Undefined variable: result /home/wwwroot/default/newproject/cc/ThinkPHP/Library/Think/Hook.class.php 第 103 行.
NOTIC: [8] Undefined variable: result /home/wwwroot/default/newproject/cc/ThinkPHP/Library/Think/Hook.class.php 第 103 行.
INFO: [ app_end ] --START--
INFO: Run Behavior\ShowPageTraceBehavior [ RunTime:0.001379s ]
INFO: [ app_end ] --END-- [ RunTime:0.001500s ]

[ 2021-04-15T16:38:40+08:00 ] 192.168.33.1 /User/Public/login
INFO: [ app_init ] --START--
INFO: Run Behavior\BuildLiteBehavior [ RunTime:0.000010s ]
INFO: [ app_init ] --END-- [ RunTime:0.000602s ]
NOTIC: [8] Constant NOW_TIME already defined /home/wwwroot/default/newproject/cc/ThinkPHP/Library/Think/App.class.php 第 30 行.
NOTIC: [8] Undefined variable: result /home/wwwroot/default/newproject/cc/ThinkPHP/Library/Think/Hook.class.php 第 103 行.
NOTIC: [8] Undefined variable: result /home/wwwroot/default/newproject/cc/ThinkPHP/Library/Think/Hook.class.php 第 103 行.
NOTIC: [8] Undefined variable: result /home/wwwroot/default/newproject/cc/ThinkPHP/Library/Think/Hook.class.php 第 103 行.
INFO: [ app_begin ] --START--
INFO: Run Behavior\ReadHtmlCacheBehavior [ RunTime:0.000795s ]
INFO: [ app_begin ] --END-- [ RunTime:0.000821s ]
NOTIC: [8] Undefined variable: result /home/wwwroot/default/newproject/cc/ThinkPHP/Library/Think/Hook.class.php 第 103 行.
SQL: SHOW COLUMNS FROM `dc_system_setting` [ RunTime:0.0015s ]
SQL: SELECT * FROM `dc_system_setting`  [ RunTime:0.0004s ]
SQL: SELECT * FROM `dc_system_setting`  [ RunTime:0.0002s ]
NOTIC: [8] Undefined variable: result /home/wwwroot/default/newproject/cc/ThinkPHP/Library/Think/Hook.class.php 第 103 行.
INFO: [ view_parse ] --START--
INFO: [ template_filter ] --START--
INFO: Run Behavior\ContentReplaceBehavior [ RunTime:0.000032s ]
INFO: [ template_filter ] --END-- [ RunTime:0.000064s ]
INFO: Run Behavior\ParseTemplateBehavior [ RunTime:0.018124s ]
INFO: [ view_parse ] --END-- [ RunTime:0.018179s ]
INFO: [ view_filter ] --START--
INFO: Run Behavior\WriteHtmlCacheBehavior [ RunTime:0.000706s ]
INFO: Run Behavior\TokenBuildBehavior [ RunTime:0.000550s ]
INFO: [ view_filter ] --END-- [ RunTime:0.001301s ]
NOTIC: [8] Undefined variable: result /home/wwwroot/default/newproject/cc/ThinkPHP/Library/Think/Hook.class.php 第 103 行.
NOTIC: [8] Undefined variable: result /home/wwwroot/default/newproject/cc/ThinkPHP/Library/Think/Hook.class.php 第 103 行.
INFO: [ app_end ] --START--
INFO: Run Behavior\ShowPageTraceBehavior [ RunTime:0.000972s ]
INFO: [ app_end ] --END-- [ RunTime:0.000995s ]

[ 2021-04-15T16:38:40+08:00 ] 192.168.33.1 /User/Public/geetest_verify/t/1618475920359
INFO: [ app_init ] --START--
INFO: Run Behavior\BuildLiteBehavior [ RunTime:0.000022s ]
INFO: [ app_init ] --END-- [ RunTime:0.003077s ]
NOTIC: [8] Constant NOW_TIME already defined /home/wwwroot/default/newproject/cc/ThinkPHP/Library/Think/App.class.php 第 30 行.
NOTIC: [8] Undefined variable: result /home/wwwroot/default/newproject/cc/ThinkPHP/Library/Think/Hook.class.php 第 103 行.
NOTIC: [8] Undefined variable: result /home/wwwroot/default/newproject/cc/ThinkPHP/Library/Think/Hook.class.php 第 103 行.
NOTIC: [8] Undefined variable: result /home/wwwroot/default/newproject/cc/ThinkPHP/Library/Think/Hook.class.php 第 103 行.
INFO: [ app_begin ] --START--
INFO: Run Behavior\ReadHtmlCacheBehavior [ RunTime:0.001043s ]
INFO: [ app_begin ] --END-- [ RunTime:0.001114s ]
NOTIC: [8] Undefined variable: result /home/wwwroot/default/newproject/cc/ThinkPHP/Library/Think/Hook.class.php 第 103 行.
SQL: SHOW COLUMNS FROM `dc_system_setting` [ RunTime:0.0005s ]
SQL: SELECT * FROM `dc_system_setting`  [ RunTime:0.0013s ]
NOTIC: [8] Undefined variable: result /home/wwwroot/default/newproject/cc/ThinkPHP/Library/Think/Hook.class.php 第 103 行.
INFO: [ app_end ] --START--
INFO: Run Behavior\ShowPageTraceBehavior [ RunTime:0.001235s ]
INFO: [ app_end ] --END-- [ RunTime:0.001279s ]

[ 2021-04-15T16:44:40+08:00 ] 192.168.33.1 /User/Public/login
INFO: [ app_init ] --START--
INFO: Run Behavior\BuildLiteBehavior [ RunTime:0.000013s ]
INFO: [ app_init ] --END-- [ RunTime:0.001254s ]
NOTIC: [8] Constant NOW_TIME already defined /home/wwwroot/default/newproject/cc/ThinkPHP/Library/Think/App.class.php 第 30 行.
NOTIC: [8] Undefined variable: result /home/wwwroot/default/newproject/cc/ThinkPHP/Library/Think/Hook.class.php 第 103 行.
NOTIC: [8] Undefined variable: result /home/wwwroot/default/newproject/cc/ThinkPHP/Library/Think/Hook.class.php 第 103 行.
NOTIC: [8] Undefined variable: result /home/wwwroot/default/newproject/cc/ThinkPHP/Library/Think/Hook.class.php 第 103 行.
INFO: [ app_begin ] --START--
INFO: Run Behavior\ReadHtmlCacheBehavior [ RunTime:0.001694s ]
INFO: [ app_begin ] --END-- [ RunTime:0.001742s ]
NOTIC: [8] Undefined variable: result /home/wwwroot/default/newproject/cc/ThinkPHP/Library/Think/Hook.class.php 第 103 行.
SQL: SHOW COLUMNS FROM `dc_system_setting` [ RunTime:0.0007s ]
SQL: SELECT * FROM `dc_system_setting`  [ RunTime:0.0002s ]
SQL: SELECT * FROM `dc_system_setting`  [ RunTime:0.0011s ]
SQL: SHOW COLUMNS FROM `dc_user` [ RunTime:0.0006s ]
SQL: SHOW COLUMNS FROM `dc_user` [ RunTime:0.0004s ]
SQL: SELECT * FROM `dc_user` WHERE `username` = 'admin' LIMIT 1   [ RunTime:0.0004s ]

[ 2021-04-15T16:44:49+08:00 ] 192.168.33.1 /User/Public/login
INFO: [ app_init ] --START--
INFO: Run Behavior\BuildLiteBehavior [ RunTime:0.000012s ]
INFO: [ app_init ] --END-- [ RunTime:0.001182s ]
NOTIC: [8] Constant NOW_TIME already defined /home/wwwroot/default/newproject/cc/ThinkPHP/Library/Think/App.class.php 第 30 行.
NOTIC: [8] Undefined variable: result /home/wwwroot/default/newproject/cc/ThinkPHP/Library/Think/Hook.class.php 第 103 行.
NOTIC: [8] Undefined variable: result /home/wwwroot/default/newproject/cc/ThinkPHP/Library/Think/Hook.class.php 第 103 行.
NOTIC: [8] Undefined variable: result /home/wwwroot/default/newproject/cc/ThinkPHP/Library/Think/Hook.class.php 第 103 行.
INFO: [ app_begin ] --START--
INFO: Run Behavior\ReadHtmlCacheBehavior [ RunTime:0.000663s ]
INFO: [ app_begin ] --END-- [ RunTime:0.000684s ]
NOTIC: [8] Undefined variable: result /home/wwwroot/default/newproject/cc/ThinkPHP/Library/Think/Hook.class.php 第 103 行.
SQL: SHOW COLUMNS FROM `dc_system_setting` [ RunTime:0.0004s ]
SQL: SELECT * FROM `dc_system_setting`  [ RunTime:0.0002s ]
SQL: SELECT * FROM `dc_system_setting`  [ RunTime:0.0002s ]
SQL: SHOW COLUMNS FROM `dc_user` [ RunTime:0.0006s ]
SQL: SHOW COLUMNS FROM `dc_user` [ RunTime:0.0004s ]
SQL: SELECT * FROM `dc_user` WHERE `username` = 'Administrator' LIMIT 1   [ RunTime:0.0006s ]

[ 2021-04-15T16:44:55+08:00 ] 192.168.33.1 /User/Public/login
INFO: [ app_init ] --START--
INFO: Run Behavior\BuildLiteBehavior [ RunTime:0.000011s ]
INFO: [ app_init ] --END-- [ RunTime:0.002472s ]
NOTIC: [8] Constant NOW_TIME already defined /home/wwwroot/default/newproject/cc/ThinkPHP/Library/Think/App.class.php 第 30 行.
NOTIC: [8] Undefined variable: result /home/wwwroot/default/newproject/cc/ThinkPHP/Library/Think/Hook.class.php 第 103 行.
NOTIC: [8] Undefined variable: result /home/wwwroot/default/newproject/cc/ThinkPHP/Library/Think/Hook.class.php 第 103 行.
NOTIC: [8] Undefined variable: result /home/wwwroot/default/newproject/cc/ThinkPHP/Library/Think/Hook.class.php 第 103 行.
INFO: [ app_begin ] --START--
INFO: Run Behavior\ReadHtmlCacheBehavior [ RunTime:0.001215s ]
INFO: [ app_begin ] --END-- [ RunTime:0.001247s ]
NOTIC: [8] Undefined variable: result /home/wwwroot/default/newproject/cc/ThinkPHP/Library/Think/Hook.class.php 第 103 行.
SQL: SHOW COLUMNS FROM `dc_system_setting` [ RunTime:0.0004s ]
SQL: SELECT * FROM `dc_system_setting`  [ RunTime:0.0002s ]
SQL: SELECT * FROM `dc_system_setting`  [ RunTime:0.0007s ]
NOTIC: [8] Undefined variable: result /home/wwwroot/default/newproject/cc/ThinkPHP/Library/Think/Hook.class.php 第 103 行.
INFO: [ view_parse ] --START--
INFO: [ template_filter ] --START--
INFO: Run Behavior\ContentReplaceBehavior [ RunTime:0.000074s ]
INFO: [ template_filter ] --END-- [ RunTime:0.000100s ]
INFO: Run Behavior\ParseTemplateBehavior [ RunTime:0.019390s ]
INFO: [ view_parse ] --END-- [ RunTime:0.019435s ]
INFO: [ view_filter ] --START--
INFO: Run Behavior\WriteHtmlCacheBehavior [ RunTime:0.001476s ]
INFO: Run Behavior\TokenBuildBehavior [ RunTime:0.001865s ]
INFO: [ view_filter ] --END-- [ RunTime:0.003393s ]
NOTIC: [8] Undefined variable: result /home/wwwroot/default/newproject/cc/ThinkPHP/Library/Think/Hook.class.php 第 103 行.
NOTIC: [8] Undefined variable: result /home/wwwroot/default/newproject/cc/ThinkPHP/Library/Think/Hook.class.php 第 103 行.
INFO: [ app_end ] --START--
INFO: Run Behavior\ShowPageTraceBehavior [ RunTime:0.001935s ]
INFO: [ app_end ] --END-- [ RunTime:0.001964s ]

[ 2021-04-15T16:44:56+08:00 ] 192.168.33.1 /User/Public/geetest_verify/t/1618476296045
INFO: [ app_init ] --START--
INFO: Run Behavior\BuildLiteBehavior [ RunTime:0.000016s ]
INFO: [ app_init ] --END-- [ RunTime:0.001029s ]
NOTIC: [8] Constant NOW_TIME already defined /home/wwwroot/default/newproject/cc/ThinkPHP/Library/Think/App.class.php 第 30 行.
NOTIC: [8] Undefined variable: result /home/wwwroot/default/newproject/cc/ThinkPHP/Library/Think/Hook.class.php 第 103 行.
NOTIC: [8] Undefined variable: result /home/wwwroot/default/newproject/cc/ThinkPHP/Library/Think/Hook.class.php 第 103 行.
NOTIC: [8] Undefined variable: result /home/wwwroot/default/newproject/cc/ThinkPHP/Library/Think/Hook.class.php 第 103 行.
INFO: [ app_begin ] --START--
INFO: Run Behavior\ReadHtmlCacheBehavior [ RunTime:0.002035s ]
INFO: [ app_begin ] --END-- [ RunTime:0.002130s ]
NOTIC: [8] Undefined variable: result /home/wwwroot/default/newproject/cc/ThinkPHP/Library/Think/Hook.class.php 第 103 行.
SQL: SHOW COLUMNS FROM `dc_system_setting` [ RunTime:0.0012s ]
SQL: SELECT * FROM `dc_system_setting`  [ RunTime:0.0006s ]
NOTIC: [8] Undefined variable: result /home/wwwroot/default/newproject/cc/ThinkPHP/Library/Think/Hook.class.php 第 103 行.
INFO: [ app_end ] --START--
INFO: Run Behavior\ShowPageTraceBehavior [ RunTime:0.000954s ]
INFO: [ app_end ] --END-- [ RunTime:0.001043s ]

[ 2021-04-15T16:45:11+08:00 ] 192.168.33.1 /User/Public/login
INFO: [ app_init ] --START--
INFO: Run Behavior\BuildLiteBehavior [ RunTime:0.000013s ]
INFO: [ app_init ] --END-- [ RunTime:0.001084s ]
NOTIC: [8] Constant NOW_TIME already defined /home/wwwroot/default/newproject/cc/ThinkPHP/Library/Think/App.class.php 第 30 行.
NOTIC: [8] Undefined variable: result /home/wwwroot/default/newproject/cc/ThinkPHP/Library/Think/Hook.class.php 第 103 行.
NOTIC: [8] Undefined variable: result /home/wwwroot/default/newproject/cc/ThinkPHP/Library/Think/Hook.class.php 第 103 行.
NOTIC: [8] Undefined variable: result /home/wwwroot/default/newproject/cc/ThinkPHP/Library/Think/Hook.class.php 第 103 行.
INFO: [ app_begin ] --START--
INFO: Run Behavior\ReadHtmlCacheBehavior [ RunTime:0.001737s ]
INFO: [ app_begin ] --END-- [ RunTime:0.001774s ]
NOTIC: [8] Undefined variable: result /home/wwwroot/default/newproject/cc/ThinkPHP/Library/Think/Hook.class.php 第 103 行.
SQL: SHOW COLUMNS FROM `dc_system_setting` [ RunTime:0.0004s ]
SQL: SELECT * FROM `dc_system_setting`  [ RunTime:0.0002s ]
SQL: SELECT * FROM `dc_system_setting`  [ RunTime:0.0001s ]
NOTIC: [8] Undefined variable: result /home/wwwroot/default/newproject/cc/ThinkPHP/Library/Think/Hook.class.php 第 103 行.
INFO: [ view_parse ] --START--
INFO: [ template_filter ] --START--
INFO: Run Behavior\ContentReplaceBehavior [ RunTime:0.000029s ]
INFO: [ template_filter ] --END-- [ RunTime:0.000051s ]
INFO: Run Behavior\ParseTemplateBehavior [ RunTime:0.012392s ]
INFO: [ view_parse ] --END-- [ RunTime:0.012426s ]
INFO: [ view_filter ] --START--
INFO: Run Behavior\WriteHtmlCacheBehavior [ RunTime:0.000667s ]
INFO: Run Behavior\TokenBuildBehavior [ RunTime:0.000742s ]
INFO: [ view_filter ] --END-- [ RunTime:0.001452s ]
NOTIC: [8] Undefined variable: result /home/wwwroot/default/newproject/cc/ThinkPHP/Library/Think/Hook.class.php 第 103 行.
NOTIC: [8] Undefined variable: result /home/wwwroot/default/newproject/cc/ThinkPHP/Library/Think/Hook.class.php 第 103 行.
INFO: [ app_end ] --START--
INFO: Run Behavior\ShowPageTraceBehavior [ RunTime:0.000965s ]
INFO: [ app_end ] --END-- [ RunTime:0.000990s ]

[ 2021-04-15T16:45:11+08:00 ] 192.168.33.1 /User/Public/geetest_verify/t/1618476311421
INFO: [ app_init ] --START--
INFO: Run Behavior\BuildLiteBehavior [ RunTime:0.000055s ]
INFO: [ app_init ] --END-- [ RunTime:0.001179s ]
NOTIC: [8] Constant NOW_TIME already defined /home/wwwroot/default/newproject/cc/ThinkPHP/Library/Think/App.class.php 第 30 行.
NOTIC: [8] Undefined variable: result /home/wwwroot/default/newproject/cc/ThinkPHP/Library/Think/Hook.class.php 第 103 行.
NOTIC: [8] Undefined variable: result /home/wwwroot/default/newproject/cc/ThinkPHP/Library/Think/Hook.class.php 第 103 行.
NOTIC: [8] Undefined variable: result /home/wwwroot/default/newproject/cc/ThinkPHP/Library/Think/Hook.class.php 第 103 行.
INFO: [ app_begin ] --START--
INFO: Run Behavior\ReadHtmlCacheBehavior [ RunTime:0.004570s ]
INFO: [ app_begin ] --END-- [ RunTime:0.004603s ]
NOTIC: [8] Undefined variable: result /home/wwwroot/default/newproject/cc/ThinkPHP/Library/Think/Hook.class.php 第 103 行.
SQL: SHOW COLUMNS FROM `dc_system_setting` [ RunTime:0.0022s ]
SQL: SELECT * FROM `dc_system_setting`  [ RunTime:0.0008s ]
NOTIC: [8] Undefined variable: result /home/wwwroot/default/newproject/cc/ThinkPHP/Library/Think/Hook.class.php 第 103 行.
INFO: [ app_end ] --START--
INFO: Run Behavior\ShowPageTraceBehavior [ RunTime:0.002048s ]
INFO: [ app_end ] --END-- [ RunTime:0.002098s ]

[ 2021-04-15T16:45:37+08:00 ] 192.168.33.1 /User/Public/login
INFO: [ app_init ] --START--
INFO: Run Behavior\BuildLiteBehavior [ RunTime:0.000013s ]
INFO: [ app_init ] --END-- [ RunTime:0.001030s ]
NOTIC: [8] Constant NOW_TIME already defined /home/wwwroot/default/newproject/cc/ThinkPHP/Library/Think/App.class.php 第 30 行.
NOTIC: [8] Undefined variable: result /home/wwwroot/default/newproject/cc/ThinkPHP/Library/Think/Hook.class.php 第 103 行.
NOTIC: [8] Undefined variable: result /home/wwwroot/default/newproject/cc/ThinkPHP/Library/Think/Hook.class.php 第 103 行.
NOTIC: [8] Undefined variable: result /home/wwwroot/default/newproject/cc/ThinkPHP/Library/Think/Hook.class.php 第 103 行.
INFO: [ app_begin ] --START--
INFO: Run Behavior\ReadHtmlCacheBehavior [ RunTime:0.000804s ]
INFO: [ app_begin ] --END-- [ RunTime:0.000840s ]
NOTIC: [8] Undefined variable: result /home/wwwroot/default/newproject/cc/ThinkPHP/Library/Think/Hook.class.php 第 103 行.
SQL: SHOW COLUMNS FROM `dc_system_setting` [ RunTime:0.0014s ]
SQL: SELECT * FROM `dc_system_setting`  [ RunTime:0.0003s ]
SQL: SELECT * FROM `dc_system_setting`  [ RunTime:0.0003s ]
SQL: SHOW COLUMNS FROM `dc_user` [ RunTime:0.0009s ]
SQL: SHOW COLUMNS FROM `dc_user` [ RunTime:0.0005s ]
SQL: SELECT * FROM `dc_user` WHERE `username` = 'admin2' LIMIT 1   [ RunTime:0.0003s ]
SQL: SELECT * FROM `dc_user` WHERE `username` = 'admin2' AND `password` = '96e79218965eb72c92a549dd5a330112' LIMIT 1   [ RunTime:0.0003s ]
SQL: SELECT `default_mpid` FROM `dc_user` WHERE `id` = 3 LIMIT 1   [ RunTime:0.0003s ]
SQL: SELECT * FROM `dc_user` WHERE `id` = 3 LIMIT 1   [ RunTime:0.0001s ]
SQL: SHOW COLUMNS FROM `dc_rbac_role_user` [ RunTime:0.0013s ]
SQL: SELECT * FROM `dc_rbac_role_user` WHERE `user_id` = '3'  [ RunTime:0.0002s ]
SQL: SHOW COLUMNS FROM `dc_rbac_role` [ RunTime:0.0003s ]
SQL: SELECT * FROM `dc_rbac_role` WHERE `id` = 1 LIMIT 1   [ RunTime:0.0002s ]
SQL: SHOW COLUMNS FROM `dc_rbac_mp_access` [ RunTime:0.0003s ]
SQL: SELECT * FROM `dc_rbac_mp_access` WHERE `role_id` = 1 LIMIT 1   [ RunTime:0.0001s ]
NOTIC: [2] Invalid argument supplied for foreach() /home/wwwroot/default/newproject/cc/App/User/Model/UserModel.class.php 第 160 行.

